09:47:46.355 [main] DEBUG code.hcs.rpc.server.NettyServer [NettyServer.java : 76] start netty server success, port=8888
09:47:56.834 [main] DEBUG c.h.rpc.client.NettyClientPoolProxy [NettyClientPoolProxy.java : 50] start netty client success. host=192.168.17.74, port=8888
09:47:57.047 [nioEventLoopGroup-2-1] DEBUG c.h.r.serialize.NettyProtocolEncoder [NettyProtocolEncoder.java : 27] netty procotol encode is:code.hcs.rpc.RequestWapper@3d0d3550
09:47:57.450 [netty-worker-2-thread-1] DEBUG c.h.r.serialize.NettyProtocolDecoder [NettyProtocolDecoder.java : 30] netty procotol decode is:code.hcs.rpc.RequestWapper@78126227
09:47:57.459 [netty-worker-2-thread-1] DEBUG c.h.r.serialize.NettyProtocolEncoder [NettyProtocolEncoder.java : 27] netty procotol encode is:code.hcs.rpc.ResponseWapper@525d7206
09:49:38.341 [main] DEBUG code.hcs.rpc.server.NettyServer [NettyServer.java : 76] start netty server success, port=8888
09:50:10.608 [main] DEBUG c.h.rpc.client.NettyClientPoolProxy [NettyClientPoolProxy.java : 50] start netty client success. host=192.168.17.74, port=8888
09:50:10.741 [nioEventLoopGroup-2-1] DEBUG c.h.r.serialize.NettyProtocolEncoder [NettyProtocolEncoder.java : 27] netty procotol encode is:code.hcs.rpc.RequestWapper@32823a1
09:50:11.063 [netty-worker-2-thread-1] DEBUG c.h.r.serialize.NettyProtocolDecoder [NettyProtocolDecoder.java : 31] netty procotol decode is:code.hcs.rpc.RequestWapper@4dac18a2
09:50:11.101 [netty-worker-2-thread-1] DEBUG c.h.r.serialize.NettyProtocolEncoder [NettyProtocolEncoder.java : 27] netty procotol encode is:code.hcs.rpc.ResponseWapper@789b6f63
09:57:42.962 [main] DEBUG code.hcs.rpc.server.NettyServer [NettyServer.java : 76] start netty server success, port=8888
09:57:56.396 [main] DEBUG c.h.rpc.client.NettyClientPoolProxy [NettyClientPoolProxy.java : 50] start netty client success. host=192.168.17.74, port=8888
09:57:56.474 [nioEventLoopGroup-2-1] DEBUG c.h.r.serialize.NettyProtocolEncoder [NettyProtocolEncoder.java : 27] netty procotol encode is:code.hcs.rpc.RequestWapper@7e5dc11e
09:57:56.557 [netty-worker-2-thread-1] DEBUG c.h.r.serialize.NettyProtocolDecoder [NettyProtocolDecoder.java : 31] netty procotol decode is:code.hcs.rpc.RequestWapper@346f4015
09:57:56.578 [netty-worker-2-thread-1] DEBUG c.h.r.serialize.NettyProtocolEncoder [NettyProtocolEncoder.java : 27] netty procotol encode is:code.hcs.rpc.ResponseWapper@79606b42
10:03:05.765 [main] DEBUG code.hcs.rpc.server.NettyServer [NettyServer.java : 76] start netty server success, port=8888
10:03:12.299 [main] DEBUG c.h.rpc.client.NettyClientPoolProxy [NettyClientPoolProxy.java : 50] start netty client success. host=192.168.17.74, port=8888
10:03:12.410 [nioEventLoopGroup-2-1] DEBUG c.h.r.serialize.NettyProtocolEncoder [NettyProtocolEncoder.java : 27] netty procotol encode is:code.hcs.rpc.RequestWapper@11d4cc1d
10:03:12.927 [netty-worker-2-thread-1] DEBUG c.h.r.serialize.NettyProtocolDecoder [NettyProtocolDecoder.java : 31] netty procotol decode is:code.hcs.rpc.RequestWapper@6fba1378
10:03:13.178 [netty-worker-2-thread-1] DEBUG c.h.r.serialize.NettyProtocolEncoder [NettyProtocolEncoder.java : 27] netty procotol encode is:code.hcs.rpc.ResponseWapper@6c179e5e
10:04:51.489 [main] DEBUG code.hcs.rpc.server.NettyServer [NettyServer.java : 76] start netty server success, port=8888
10:05:06.611 [main] DEBUG c.h.rpc.client.NettyClientPoolProxy [NettyClientPoolProxy.java : 50] start netty client success. host=192.168.17.74, port=8888
10:05:06.721 [nioEventLoopGroup-2-1] DEBUG c.h.r.serialize.NettyProtocolEncoder [NettyProtocolEncoder.java : 27] netty procotol encode is:code.hcs.rpc.RequestWapper@1b840
10:05:06.926 [netty-worker-2-thread-1] DEBUG c.h.r.serialize.NettyProtocolDecoder [NettyProtocolDecoder.java : 31] netty procotol decode is:code.hcs.rpc.RequestWapper@4dac18a2
10:05:06.941 [netty-worker-2-thread-1] DEBUG c.h.r.serialize.NettyProtocolEncoder [NettyProtocolEncoder.java : 27] netty procotol encode is:code.hcs.rpc.ResponseWapper@789b6f63
10:09:40.377 [main] DEBUG code.hcs.rpc.server.NettyServer [NettyServer.java : 76] start netty server success, port=8888
10:09:49.613 [main] DEBUG c.h.rpc.client.NettyClientPoolProxy [NettyClientPoolProxy.java : 50] start netty client success. host=192.168.17.74, port=8888
10:09:49.722 [nioEventLoopGroup-2-1] DEBUG c.h.r.serialize.NettyProtocolEncoder [NettyProtocolEncoder.java : 27] netty procotol encode is:code.hcs.rpc.RequestWapper@32823a1
10:09:49.811 [netty-worker-2-thread-1] DEBUG c.h.r.serialize.NettyProtocolDecoder [NettyProtocolDecoder.java : 31] netty procotol decode is:code.hcs.rpc.RequestWapper@2de4fbda
10:09:49.833 [netty-worker-2-thread-1] DEBUG c.h.r.serialize.NettyProtocolEncoder [NettyProtocolEncoder.java : 27] netty procotol encode is:code.hcs.rpc.ResponseWapper@51c402b6
10:09:49.842 [nioEventLoopGroup-2-1] DEBUG c.h.r.serialize.NettyProtocolDecoder [NettyProtocolDecoder.java : 31] netty procotol decode is:code.hcs.rpc.ResponseWapper@393b0ebb
10:11:38.380 [main] DEBUG code.hcs.rpc.server.NettyServer [NettyServer.java : 76] start netty server success, port=8888
10:11:47.940 [main] DEBUG c.h.rpc.client.NettyClientPoolProxy [NettyClientPoolProxy.java : 50] start netty client success. host=192.168.17.74, port=8888
10:11:48.026 [nioEventLoopGroup-2-1] DEBUG c.h.r.serialize.NettyProtocolEncoder [NettyProtocolEncoder.java : 27] netty procotol encode is:code.hcs.rpc.RequestWapper@81b5e1c
10:11:48.274 [netty-worker-2-thread-1] DEBUG c.h.r.serialize.NettyProtocolDecoder [NettyProtocolDecoder.java : 31] netty procotol decode is:code.hcs.rpc.RequestWapper@22b99bc6
10:11:48.557 [netty-worker-2-thread-1] DEBUG c.h.r.serialize.NettyProtocolEncoder [NettyProtocolEncoder.java : 27] netty procotol encode is:code.hcs.rpc.ResponseWapper@1a482829
10:11:48.575 [nioEventLoopGroup-2-1] DEBUG c.h.r.serialize.NettyProtocolDecoder [NettyProtocolDecoder.java : 31] netty procotol decode is:code.hcs.rpc.ResponseWapper@60d397ce
10:12:16.879 [main] DEBUG c.h.rpc.client.NettyClientPoolProxy [NettyClientPoolProxy.java : 50] start netty client success. host=192.168.17.74, port=8888
10:12:17.040 [nioEventLoopGroup-2-1] DEBUG c.h.r.serialize.NettyProtocolEncoder [NettyProtocolEncoder.java : 27] netty procotol encode is:code.hcs.rpc.RequestWapper@4b4ac8dd
10:12:17.045 [netty-worker-2-thread-2] DEBUG c.h.r.serialize.NettyProtocolDecoder [NettyProtocolDecoder.java : 31] netty procotol decode is:code.hcs.rpc.RequestWapper@1947e2da
10:12:28.006 [netty-worker-2-thread-2] DEBUG c.h.r.serialize.NettyProtocolEncoder [NettyProtocolEncoder.java : 27] netty procotol encode is:code.hcs.rpc.ResponseWapper@587ae8e1
10:12:28.020 [nioEventLoopGroup-2-1] DEBUG c.h.r.serialize.NettyProtocolDecoder [NettyProtocolDecoder.java : 31] netty procotol decode is:code.hcs.rpc.ResponseWapper@7eb71772
10:13:17.717 [main] DEBUG c.h.rpc.client.NettyClientPoolProxy [NettyClientPoolProxy.java : 50] start netty client success. host=192.168.17.74, port=8888
10:13:17.829 [nioEventLoopGroup-2-1] DEBUG c.h.r.serialize.NettyProtocolEncoder [NettyProtocolEncoder.java : 27] netty procotol encode is:code.hcs.rpc.RequestWapper@3eee70
10:13:17.830 [netty-worker-2-thread-3] DEBUG c.h.r.serialize.NettyProtocolDecoder [NettyProtocolDecoder.java : 31] netty procotol decode is:code.hcs.rpc.RequestWapper@6e233dbc
10:13:25.555 [netty-worker-2-thread-3] DEBUG c.h.r.serialize.NettyProtocolEncoder [NettyProtocolEncoder.java : 27] netty procotol encode is:code.hcs.rpc.ResponseWapper@2f1e3787
10:13:25.570 [nioEventLoopGroup-2-1] DEBUG c.h.r.serialize.NettyProtocolDecoder [NettyProtocolDecoder.java : 31] netty procotol decode is:code.hcs.rpc.ResponseWapper@737480df
10:16:28.713 [main] DEBUG c.h.rpc.client.NettyClientPoolProxy [NettyClientPoolProxy.java : 50] start netty client success. host=192.168.17.74, port=8888
10:16:28.799 [nioEventLoopGroup-2-1] DEBUG c.h.r.serialize.NettyProtocolEncoder [NettyProtocolEncoder.java : 27] netty procotol encode is:code.hcs.rpc.RequestWapper@1eb9f303
10:16:28.829 [netty-worker-2-thread-4] DEBUG c.h.r.serialize.NettyProtocolDecoder [NettyProtocolDecoder.java : 31] netty procotol decode is:code.hcs.rpc.RequestWapper@698587d9
10:16:28.832 [netty-worker-2-thread-4] DEBUG c.h.r.serialize.NettyProtocolEncoder [NettyProtocolEncoder.java : 27] netty procotol encode is:code.hcs.rpc.ResponseWapper@28b88de2
10:16:28.843 [nioEventLoopGroup-2-1] DEBUG c.h.r.serialize.NettyProtocolDecoder [NettyProtocolDecoder.java : 31] netty procotol decode is:code.hcs.rpc.ResponseWapper@24af8643
10:23:03.400 [main] DEBUG code.hcs.rpc.server.NettyServer [NettyServer.java : 76] start netty server success, port=8888
10:23:23.008 [main] DEBUG c.h.rpc.client.NettyClientPoolProxy [NettyClientPoolProxy.java : 50] start netty client success. host=192.168.17.74, port=8888
10:23:23.171 [nioEventLoopGroup-2-1] DEBUG c.h.r.serialize.NettyProtocolEncoder [NettyProtocolEncoder.java : 27] netty procotol encode is:code.hcs.rpc.RequestWapper@1ccd3b61
10:23:23.377 [netty-worker-2-thread-1] DEBUG c.h.r.serialize.NettyProtocolDecoder [NettyProtocolDecoder.java : 31] netty procotol decode is:code.hcs.rpc.RequestWapper@7b0b2929
10:23:23.394 [netty-worker-2-thread-1] DEBUG c.h.r.serialize.NettyProtocolEncoder [NettyProtocolEncoder.java : 27] netty procotol encode is:code.hcs.rpc.ResponseWapper@169aaa2e
10:23:23.406 [nioEventLoopGroup-2-1] DEBUG c.h.r.serialize.NettyProtocolDecoder [NettyProtocolDecoder.java : 31] netty procotol decode is:code.hcs.rpc.ResponseWapper@571c078b
10:24:04.147 [main] DEBUG code.hcs.rpc.server.NettyServer [NettyServer.java : 76] start netty server success, port=8888
10:24:11.667 [main] DEBUG c.h.rpc.client.NettyClientPoolProxy [NettyClientPoolProxy.java : 50] start netty client success. host=192.168.17.74, port=8888
10:24:11.740 [nioEventLoopGroup-2-1] DEBUG c.h.r.serialize.NettyProtocolEncoder [NettyProtocolEncoder.java : 27] netty procotol encode is:code.hcs.rpc.RequestWapper@1eb9f303
10:24:11.822 [netty-worker-2-thread-1] DEBUG c.h.r.serialize.NettyProtocolDecoder [NettyProtocolDecoder.java : 31] netty procotol decode is:code.hcs.rpc.RequestWapper@7a03ddc3
10:24:11.853 [netty-worker-2-thread-1] DEBUG c.h.r.serialize.NettyProtocolEncoder [NettyProtocolEncoder.java : 27] netty procotol encode is:code.hcs.rpc.ResponseWapper@3e1f13e0
10:24:11.862 [nioEventLoopGroup-2-1] DEBUG c.h.r.serialize.NettyProtocolDecoder [NettyProtocolDecoder.java : 31] netty procotol decode is:code.hcs.rpc.ResponseWapper@2b0deef9
10:24:37.797 [main] DEBUG c.h.rpc.client.NettyClientPoolProxy [NettyClientPoolProxy.java : 50] start netty client success. host=192.168.17.74, port=8888
10:24:38.040 [nioEventLoopGroup-2-1] DEBUG c.h.r.serialize.NettyProtocolEncoder [NettyProtocolEncoder.java : 27] netty procotol encode is:code.hcs.rpc.RequestWapper@52e38947
10:24:38.055 [netty-worker-2-thread-2] DEBUG c.h.r.serialize.NettyProtocolDecoder [NettyProtocolDecoder.java : 31] netty procotol decode is:code.hcs.rpc.RequestWapper@50784f18
10:24:38.154 [netty-worker-2-thread-2] DEBUG c.h.r.serialize.NettyProtocolEncoder [NettyProtocolEncoder.java : 27] netty procotol encode is:code.hcs.rpc.ResponseWapper@11454523
10:24:38.163 [nioEventLoopGroup-2-1] DEBUG c.h.r.serialize.NettyProtocolDecoder [NettyProtocolDecoder.java : 31] netty procotol decode is:code.hcs.rpc.ResponseWapper@29493284
