16:15:51.851 [main] ERROR code.hcs.rpc.server.NettyServer [NettyServer.java : 80] start netty server exception:
10:25:36.472 [nioEventLoopGroup-2-1] ERROR c.hcs.rpc.protocol.DefaultProtocol [DefaultProtocol.java : 59] encode request object error
java.lang.IllegalStateException: Serialized class code.hcs.rpc.RequestWapper must implement java.io.Serializable
	at com.caucho.hessian.io.SerializerFactory.getDefaultSerializer(SerializerFactory.java:340)
	at com.caucho.hessian.io.SerializerFactory.loadSerializer(SerializerFactory.java:321)
	at com.caucho.hessian.io.SerializerFactory.getSerializer(SerializerFactory.java:224)
	at com.caucho.hessian.io.SerializerFactory.getObjectSerializer(SerializerFactory.java:197)
	at com.caucho.hessian.io.Hessian2Output.writeObject(Hessian2Output.java:418)
	at code.hcs.rpc.codec.HessianEncoder.encode(HessianEncoder.java:21)
	at code.hcs.rpc.protocol.DefaultProtocol.encode(DefaultProtocol.java:41)
	at code.hcs.rpc.protocol.ProcotolUtil.encode(ProcotolUtil.java:24)
	at code.hcs.rpc.serialize.NettyProtocolEncoder.encode(NettyProtocolEncoder.java:26)
	at io.netty.handler.codec.MessageToByteEncoder.write(MessageToByteEncoder.java:107)
	at io.netty.channel.AbstractChannelHandlerContext.invokeWrite(AbstractChannelHandlerContext.java:619)
	at io.netty.channel.AbstractChannelHandlerContext.access$1800(AbstractChannelHandlerContext.java:32)
	at io.netty.channel.AbstractChannelHandlerContext$AbstractWriteTask.write(AbstractChannelHandlerContext.java:904)
	at io.netty.channel.AbstractChannelHandlerContext$WriteAndFlushTask.write(AbstractChannelHandlerContext.java:956)
	at io.netty.channel.AbstractChannelHandlerContext$AbstractWriteTask.run(AbstractChannelHandlerContext.java:889)
	at io.netty.util.concurrent.SingleThreadEventExecutor.runAllTasks(SingleThreadEventExecutor.java:358)
	at io.netty.channel.nio.NioEventLoop.run(NioEventLoop.java:374)
	at io.netty.util.concurrent.SingleThreadEventExecutor$2.run(SingleThreadEventExecutor.java:112)
	at io.netty.util.concurrent.DefaultThreadFactory$DefaultRunnableDecorator.run(DefaultThreadFactory.java:137)
	at java.lang.Thread.run(Thread.java:745)
10:29:58.671 [nioEventLoopGroup-2-1] ERROR c.hcs.rpc.protocol.DefaultProtocol [DefaultProtocol.java : 59] encode request object error
java.lang.IllegalStateException: Serialized class code.hcs.rpc.RequestWapper must implement java.io.Serializable
	at com.caucho.hessian.io.SerializerFactory.getDefaultSerializer(SerializerFactory.java:340)
	at com.caucho.hessian.io.SerializerFactory.loadSerializer(SerializerFactory.java:321)
	at com.caucho.hessian.io.SerializerFactory.getSerializer(SerializerFactory.java:224)
	at com.caucho.hessian.io.SerializerFactory.getObjectSerializer(SerializerFactory.java:197)
	at com.caucho.hessian.io.Hessian2Output.writeObject(Hessian2Output.java:418)
	at code.hcs.rpc.codec.HessianEncoder.encode(HessianEncoder.java:21)
	at code.hcs.rpc.protocol.DefaultProtocol.encode(DefaultProtocol.java:41)
	at code.hcs.rpc.protocol.ProcotolUtil.encode(ProcotolUtil.java:25)
	at code.hcs.rpc.serialize.NettyProtocolEncoder.encode(NettyProtocolEncoder.java:26)
	at io.netty.handler.codec.MessageToByteEncoder.write(MessageToByteEncoder.java:107)
	at io.netty.channel.AbstractChannelHandlerContext.invokeWrite(AbstractChannelHandlerContext.java:619)
	at io.netty.channel.AbstractChannelHandlerContext.access$1800(AbstractChannelHandlerContext.java:32)
	at io.netty.channel.AbstractChannelHandlerContext$AbstractWriteTask.write(AbstractChannelHandlerContext.java:904)
	at io.netty.channel.AbstractChannelHandlerContext$WriteAndFlushTask.write(AbstractChannelHandlerContext.java:956)
	at io.netty.channel.AbstractChannelHandlerContext$AbstractWriteTask.run(AbstractChannelHandlerContext.java:889)
	at io.netty.util.concurrent.SingleThreadEventExecutor.runAllTasks(SingleThreadEventExecutor.java:358)
	at io.netty.channel.nio.NioEventLoop.run(NioEventLoop.java:374)
	at io.netty.util.concurrent.SingleThreadEventExecutor$2.run(SingleThreadEventExecutor.java:112)
	at io.netty.util.concurrent.DefaultThreadFactory$DefaultRunnableDecorator.run(DefaultThreadFactory.java:137)
	at java.lang.Thread.run(Thread.java:745)
17:50:03.426 [main] ERROR code.hcs.rpc.server.NettyServer [NettyServer.java : 80] start netty server exception:
